\BOOKMARK [1][-]{section.1}{\376\377\301\034\270\140\000\040\000\050\000I\000n\000t\000r\000o\000d\000u\000c\000t\000i\000o\000n\000\051}{}% 1
\BOOKMARK [2][-]{subsection.1.1}{\376\377\305\360\255\154\000\040\274\060\254\275\000:\000\040\305\343\311\300\000\040\316\364\324\350\323\005\254\374\000\040\263\160\307\164\321\060\000\040\325\004\267\174\307\164\274\204\302\334}{section.1}% 2
\BOOKMARK [2][-]{subsection.1.2}{\376\377\305\360\325\151\325\131\302\265\307\130\000\040\325\004\267\174\307\164\274\204\302\334\000\040\307\004\326\021\254\374\000\040\325\134\254\304}{section.1}% 3
\BOOKMARK [2][-]{subsection.1.3}{\376\377\273\070\310\034\000\040\310\025\307\130\000:\000\040\302\334\302\244\321\134\000\040\307\164\311\310\301\061\254\374\000\040\325\004\267\174\307\164\274\204\302\334\000-\307\040\322\370\271\254\322\360\000\040\265\034\270\010\271\310}{section.1}% 4
\BOOKMARK [2][-]{subsection.1.4}{\376\377\305\360\255\154\000\040\272\251\324\134\000\040\274\017\000\040\256\060\305\354}{section.1}% 5
\BOOKMARK [1][-]{section.2}{\376\377\255\000\270\050\000\040\305\360\255\154\000\040\000\050\000R\000e\000l\000a\000t\000e\000d\000\040\000W\000o\000r\000k\000\051}{}% 6
\BOOKMARK [2][-]{subsection.2.1}{\376\377\305\360\325\151\325\131\302\265\254\374\000\040\314\050\275\204\000\040\325\004\267\174\307\164\274\204\302\334\307\130\000\040\311\304\326\124}{section.2}% 7
\BOOKMARK [2][-]{subsection.2.2}{\376\377\307\164\311\310\310\001\000\040\326\130\254\275\305\320\301\034\307\130\000\040\305\360\325\151\325\131\302\265\000\040\315\134\310\001\326\124}{section.2}% 8
\BOOKMARK [2][-]{subsection.2.3}{\376\377\310\001\307\121\326\025\000\040\314\050\275\204\000\040\325\004\267\174\307\164\274\204\302\334\000\040\000\050\000A\000d\000a\000p\000t\000i\000v\000e\000\040\000D\000P\000\051}{section.2}% 9
\BOOKMARK [1][-]{section.3}{\376\377\310\034\305\110\000\040\274\051\274\225\000\040\000\050\000Q\000u\000A\000P\000-\000F\000L\000\040\000F\000r\000a\000m\000e\000w\000o\000r\000k\000\051}{}% 10
\BOOKMARK [2][-]{subsection.3.1}{\376\377\302\334\302\244\321\134\000\040\272\250\263\170\000\040\274\017\000\040\273\070\310\034\000\040\310\025\302\335\326\124}{section.3}% 11
\BOOKMARK [2][-]{subsection.3.2}{\376\377\314\070\305\354\000\040\307\164\270\045\000\040\315\224\310\001\256\060\000\040\000\050\000P\000a\000r\000t\000i\000c\000i\000p\000a\000t\000i\000o\000n\000\040\000T\000r\000a\000c\000k\000e\000r\000\051}{section.3}% 12
\BOOKMARK [3][-]{subsubsection.3.2.1}{\376\377\000W\000a\000r\000m\000-\000u\000p\000\040\000P\000e\000r\000i\000o\000d\307\130\000\040\263\304\307\205}{subsection.3.2}% 13
\BOOKMARK [2][-]{subsection.3.3}{\376\377\314\070\305\354\307\050\000\040\256\060\274\030\000\040\310\001\307\121\326\025\000\040\325\004\267\174\307\164\274\204\302\334\000\040\306\010\300\260\000\040\325\140\262\371}{section.3}% 14
\BOOKMARK [2][-]{subsection.3.4}{\376\377\275\204\307\004\302\030\000\040\256\060\274\030\000\040\310\001\307\121\326\025\000\040\320\164\271\254\325\121\000\040\000\050\000Q\000u\000a\000n\000t\000i\000l\000e\000-\000b\000a\000s\000e\000d\000\040\000A\000d\000a\000p\000t\000i\000v\000e\000\040\000C\000l\000i\000p\000p\000i\000n\000g\000\051}{section.3}% 15
\BOOKMARK [2][-]{subsection.3.5}{\376\377\254\304\316\065\274\304\000\040\261\170\307\164\311\210\000\040\310\374\307\205\000\040\000\050\000L\000a\000y\000e\000r\000-\000w\000i\000s\000e\000\040\000N\000o\000i\000s\000e\000\040\000I\000n\000j\000e\000c\000t\000i\000o\000n\000\051}{section.3}% 16
\BOOKMARK [1][-]{section.4}{\376\377\307\164\270\140\310\001\000\040\275\204\301\035\000\040\000\050\000T\000h\000e\000o\000r\000e\000t\000i\000c\000a\000l\000\040\000A\000n\000a\000l\000y\000s\000i\000s\000\051}{}% 17
\BOOKMARK [2][-]{subsection.4.1}{\376\377\325\004\267\174\307\164\274\204\302\334\000\040\301\220\302\344\000\040\254\304\300\260\000\040\000\050\000P\000r\000i\000v\000a\000c\000y\000\040\000A\000c\000c\000o\000u\000n\000t\000i\000n\000g\000\051}{section.4}% 18
\BOOKMARK [2][-]{subsection.4.2}{\376\377\302\030\270\064\301\061\000\040\275\204\301\035\000\040\000\050\000C\000o\000n\000v\000e\000r\000g\000e\000n\000c\000e\000\040\000A\000n\000a\000l\000y\000s\000i\000s\000\051}{section.4}% 19
\BOOKMARK [2][-]{subsection.4.3}{\376\377\274\365\307\241\263\304\000\040\275\204\301\035\000\040\000\050\000C\000o\000m\000p\000l\000e\000x\000i\000t\000y\000\040\000A\000n\000a\000l\000y\000s\000i\000s\000\051}{section.4}% 20
\BOOKMARK [1][-]{section.5}{\376\377\302\344\325\330\000\040\274\017\000\040\254\260\254\374\000\040\000\050\000E\000x\000p\000e\000r\000i\000m\000e\000n\000t\000s\000\040\000a\000n\000d\000\040\000R\000e\000s\000u\000l\000t\000s\000\051}{}% 21
\BOOKMARK [2][-]{subsection.5.1}{\376\377\302\344\325\330\000\040\326\130\254\275\000\040\274\017\000\040\255\154\326\004\000\040\301\070\275\200\300\254\325\155}{section.5}% 22
\BOOKMARK [2][-]{subsection.5.2}{\376\377\276\104\255\120\255\160\000\040\301\044\310\025\000\040\000\050\000B\000a\000s\000e\000l\000i\000n\000e\000s\000\051}{section.5}% 23
\BOOKMARK [2][-]{subsection.5.3}{\376\377\302\344\325\330\000\040\254\260\254\374\000\040\275\204\301\035}{section.5}% 24
\BOOKMARK [3][-]{subsubsection.5.3.1}{\376\377\310\004\274\030\310\001\307\170\000\040\310\025\326\125\263\304\000\040\301\061\262\245}{subsection.5.3}% 25
\BOOKMARK [3][-]{subsubsection.5.3.2}{\376\377\325\004\267\174\307\164\274\204\302\334\000\040\306\010\300\260\000\040\301\214\272\250\000\040\275\204\301\035}{subsection.5.3}% 26
\BOOKMARK [2][-]{subsection.5.4}{\376\377\310\010\310\034\000\040\305\360\255\154\000\040\000\050\000A\000b\000l\000a\000t\000i\000o\000n\000\040\000S\000t\000u\000d\000y\000\051}{section.5}% 27
\BOOKMARK [2][-]{subsection.5.5}{\376\377\325\130\307\164\323\174\323\014\267\174\273\370\321\060\000\040\273\374\254\020\263\304\000\040\275\204\301\035}{section.5}% 28
\BOOKMARK [1][-]{section.6}{\376\377\254\340\314\060\000\040\274\017\000\040\321\240\307\130\000\040\000\050\000D\000i\000s\000c\000u\000s\000s\000i\000o\000n\000\051}{}% 29
\BOOKMARK [2][-]{subsection.6.1}{\376\377\325\004\267\174\307\164\274\204\302\334\306\100\000\040\254\365\323\311\301\061\307\130\000\040\255\000\254\304}{section.6}% 30
\BOOKMARK [2][-]{subsection.6.2}{\376\377\274\364\305\110\000\040\311\321\254\304\306\100\307\130\000\040\254\260\325\151\000\040\325\104\306\224\301\061}{section.6}% 31
\BOOKMARK [1][-]{section.7}{\376\377\254\260\270\140\000\040\000\050\000C\000o\000n\000c\000l\000u\000s\000i\000o\000n\000\051}{}% 32
